[20-Mar-2022 04:15:05 UTC] PHP Fatal error:  Uncaught Error: Interface 'seositi\InterfaceDAO' not found in /home/seositi/customer/wp-content/plugins/seositicustomer/assets/classes/DAO/UtenteGestionaleDAO.php:6
Stack trace:
#0 /home/seositi/customer/wp-content/plugins/seositicustomer/assets/classes/classes.php(17): require_once()
#1 /home/seositi/customer/wp-content/plugins/seositicustomer/seositicustomer.php(20): require_once('/home/seositi/c...')
#2 /home/seositi/customer/wp-settings.php(418): include_once('/home/seositi/c...')
#3 /home/seositi/customer/wp-config.php(97): require_once('/home/seositi/c...')
#4 /home/seositi/customer/wp-load.php(50): require_once('/home/seositi/c...')
#5 /home/seositi/customer/wp-blog-header.php(13): require_once('/home/seositi/c...')
#6 /home/seositi/customer/index.php(17): require('/home/seositi/c...')
#7 {main}
  thrown in /home/seositi/customer/wp-content/plugins/seositicustomer/assets/classes/DAO/UtenteGestionaleDAO.php on line 6
[20-Mar-2022 04:15:05 UTC] PHP Notice:  is_embed è stato richiamato <strong>in maniera scorretta</strong>. I tag condizionali di una query non funzionano prima che la query sia stata eseguita. Prima dell'esecuzione restituiscono sempre il valore False. Leggi <a href="https://wordpress.org/support/article/debugging-in-wordpress/">Debugging in WordPress</a> per maggiori informazioni. (Questo messaggio è stato aggiunto nella versione 3.1.0.) in /home/seositi/customer/wp-includes/functions.php on line 5768
[20-Mar-2022 04:15:05 UTC] PHP Notice:  is_search è stato richiamato <strong>in maniera scorretta</strong>. I tag condizionali di una query non funzionano prima che la query sia stata eseguita. Prima dell'esecuzione restituiscono sempre il valore False. Leggi <a href="https://wordpress.org/support/article/debugging-in-wordpress/">Debugging in WordPress</a> per maggiori informazioni. (Questo messaggio è stato aggiunto nella versione 3.1.0.) in /home/seositi/customer/wp-includes/functions.php on line 5768
[20-Mar-2022 04:15:06 UTC] PHP Fatal error:  Uncaught Error: Interface 'seositi\InterfaceDAO' not found in /home/seositi/customer/wp-content/plugins/seositicustomer/assets/classes/DAO/UtenteGestionaleDAO.php:6
Stack trace:
#0 /home/seositi/customer/wp-content/plugins/seositicustomer/assets/classes/classes.php(17): require_once()
#1 /home/seositi/customer/wp-content/plugins/seositicustomer/seositicustomer.php(20): require_once('/home/seositi/c...')
#2 /home/seositi/customer/wp-settings.php(418): include_once('/home/seositi/c...')
#3 /home/seositi/customer/wp-config.php(97): require_once('/home/seositi/c...')
#4 /home/seositi/customer/wp-load.php(50): require_once('/home/seositi/c...')
#5 /home/seositi/customer/wp-blog-header.php(13): require_once('/home/seositi/c...')
#6 /home/seositi/customer/index.php(17): require('/home/seositi/c...')
#7 {main}
  thrown in /home/seositi/customer/wp-content/plugins/seositicustomer/assets/classes/DAO/UtenteGestionaleDAO.php on line 6
[20-Mar-2022 04:15:06 UTC] PHP Notice:  is_embed è stato richiamato <strong>in maniera scorretta</strong>. I tag condizionali di una query non funzionano prima che la query sia stata eseguita. Prima dell'esecuzione restituiscono sempre il valore False. Leggi <a href="https://wordpress.org/support/article/debugging-in-wordpress/">Debugging in WordPress</a> per maggiori informazioni. (Questo messaggio è stato aggiunto nella versione 3.1.0.) in /home/seositi/customer/wp-includes/functions.php on line 5768
[20-Mar-2022 04:15:06 UTC] PHP Notice:  is_search è stato richiamato <strong>in maniera scorretta</strong>. I tag condizionali di una query non funzionano prima che la query sia stata eseguita. Prima dell'esecuzione restituiscono sempre il valore False. Leggi <a href="https://wordpress.org/support/article/debugging-in-wordpress/">Debugging in WordPress</a> per maggiori informazioni. (Questo messaggio è stato aggiunto nella versione 3.1.0.) in /home/seositi/customer/wp-includes/functions.php on line 5768
[20-Mar-2022 13:02:23 UTC] PHP Fatal error:  Uncaught Error: Interface 'seositi\InterfaceDAO' not found in /home/seositi/customer/wp-content/plugins/seositicustomer/assets/classes/DAO/UtenteGestionaleDAO.php:6
Stack trace:
#0 /home/seositi/customer/wp-content/plugins/seositicustomer/assets/classes/classes.php(17): require_once()
#1 /home/seositi/customer/wp-content/plugins/seositicustomer/seositicustomer.php(20): require_once('/home/seositi/c...')
#2 /home/seositi/customer/wp-settings.php(418): include_once('/home/seositi/c...')
#3 /home/seositi/customer/wp-config.php(97): require_once('/home/seositi/c...')
#4 /home/seositi/customer/wp-load.php(50): require_once('/home/seositi/c...')
#5 /home/seositi/customer/wp-blog-header.php(13): require_once('/home/seositi/c...')
#6 /home/seositi/customer/index.php(17): require('/home/seositi/c...')
#7 {main}
  thrown in /home/seositi/customer/wp-content/plugins/seositicustomer/assets/classes/DAO/UtenteGestionaleDAO.php on line 6
[20-Mar-2022 13:02:23 UTC] PHP Notice:  is_embed è stato richiamato <strong>in maniera scorretta</strong>. I tag condizionali di una query non funzionano prima che la query sia stata eseguita. Prima dell'esecuzione restituiscono sempre il valore False. Leggi <a href="https://wordpress.org/support/article/debugging-in-wordpress/">Debugging in WordPress</a> per maggiori informazioni. (Questo messaggio è stato aggiunto nella versione 3.1.0.) in /home/seositi/customer/wp-includes/functions.php on line 5768
[20-Mar-2022 13:02:23 UTC] PHP Notice:  is_search è stato richiamato <strong>in maniera scorretta</strong>. I tag condizionali di una query non funzionano prima che la query sia stata eseguita. Prima dell'esecuzione restituiscono sempre il valore False. Leggi <a href="https://wordpress.org/support/article/debugging-in-wordpress/">Debugging in WordPress</a> per maggiori informazioni. (Questo messaggio è stato aggiunto nella versione 3.1.0.) in /home/seositi/customer/wp-includes/functions.php on line 5768
[20-Mar-2022 13:02:24 UTC] PHP Fatal error:  Uncaught Error: Interface 'seositi\InterfaceDAO' not found in /home/seositi/customer/wp-content/plugins/seositicustomer/assets/classes/DAO/UtenteGestionaleDAO.php:6
Stack trace:
#0 /home/seositi/customer/wp-content/plugins/seositicustomer/assets/classes/classes.php(17): require_once()
#1 /home/seositi/customer/wp-content/plugins/seositicustomer/seositicustomer.php(20): require_once('/home/seositi/c...')
#2 /home/seositi/customer/wp-settings.php(418): include_once('/home/seositi/c...')
#3 /home/seositi/customer/wp-config.php(97): require_once('/home/seositi/c...')
#4 /home/seositi/customer/wp-load.php(50): require_once('/home/seositi/c...')
#5 /home/seositi/customer/wp-blog-header.php(13): require_once('/home/seositi/c...')
#6 /home/seositi/customer/index.php(17): require('/home/seositi/c...')
#7 {main}
  thrown in /home/seositi/customer/wp-content/plugins/seositicustomer/assets/classes/DAO/UtenteGestionaleDAO.php on line 6
[20-Mar-2022 13:02:24 UTC] PHP Notice:  is_embed è stato richiamato <strong>in maniera scorretta</strong>. I tag condizionali di una query non funzionano prima che la query sia stata eseguita. Prima dell'esecuzione restituiscono sempre il valore False. Leggi <a href="https://wordpress.org/support/article/debugging-in-wordpress/">Debugging in WordPress</a> per maggiori informazioni. (Questo messaggio è stato aggiunto nella versione 3.1.0.) in /home/seositi/customer/wp-includes/functions.php on line 5768
[20-Mar-2022 13:02:24 UTC] PHP Notice:  is_search è stato richiamato <strong>in maniera scorretta</strong>. I tag condizionali di una query non funzionano prima che la query sia stata eseguita. Prima dell'esecuzione restituiscono sempre il valore False. Leggi <a href="https://wordpress.org/support/article/debugging-in-wordpress/">Debugging in WordPress</a> per maggiori informazioni. (Questo messaggio è stato aggiunto nella versione 3.1.0.) in /home/seositi/customer/wp-includes/functions.php on line 5768
[21-Mar-2022 05:08:49 UTC] PHP Fatal error:  Uncaught Error: Interface 'seositi\InterfaceDAO' not found in /home/seositi/customer/wp-content/plugins/seositicustomer/assets/classes/DAO/UtenteGestionaleDAO.php:6
Stack trace:
#0 /home/seositi/customer/wp-content/plugins/seositicustomer/assets/classes/classes.php(17): require_once()
#1 /home/seositi/customer/wp-content/plugins/seositicustomer/seositicustomer.php(20): require_once('/home/seositi/c...')
#2 /home/seositi/customer/wp-settings.php(418): include_once('/home/seositi/c...')
#3 /home/seositi/customer/wp-config.php(97): require_once('/home/seositi/c...')
#4 /home/seositi/customer/wp-load.php(50): require_once('/home/seositi/c...')
#5 /home/seositi/customer/wp-blog-header.php(13): require_once('/home/seositi/c...')
#6 /home/seositi/customer/index.php(17): require('/home/seositi/c...')
#7 {main}
  thrown in /home/seositi/customer/wp-content/plugins/seositicustomer/assets/classes/DAO/UtenteGestionaleDAO.php on line 6
[21-Mar-2022 05:08:49 UTC] PHP Notice:  is_embed è stato richiamato <strong>in maniera scorretta</strong>. I tag condizionali di una query non funzionano prima che la query sia stata eseguita. Prima dell'esecuzione restituiscono sempre il valore False. Leggi <a href="https://wordpress.org/support/article/debugging-in-wordpress/">Debugging in WordPress</a> per maggiori informazioni. (Questo messaggio è stato aggiunto nella versione 3.1.0.) in /home/seositi/customer/wp-includes/functions.php on line 5768
[21-Mar-2022 05:08:49 UTC] PHP Notice:  is_search è stato richiamato <strong>in maniera scorretta</strong>. I tag condizionali di una query non funzionano prima che la query sia stata eseguita. Prima dell'esecuzione restituiscono sempre il valore False. Leggi <a href="https://wordpress.org/support/article/debugging-in-wordpress/">Debugging in WordPress</a> per maggiori informazioni. (Questo messaggio è stato aggiunto nella versione 3.1.0.) in /home/seositi/customer/wp-includes/functions.php on line 5768
[22-Mar-2022 21:32:47 UTC] PHP Fatal error:  Uncaught Error: Interface 'seositi\InterfaceDAO' not found in /home/seositi/customer/wp-content/plugins/seositicustomer/assets/classes/DAO/UtenteGestionaleDAO.php:6
Stack trace:
#0 /home/seositi/customer/wp-content/plugins/seositicustomer/assets/classes/classes.php(17): require_once()
#1 /home/seositi/customer/wp-content/plugins/seositicustomer/seositicustomer.php(20): require_once('/home/seositi/c...')
#2 /home/seositi/customer/wp-settings.php(418): include_once('/home/seositi/c...')
#3 /home/seositi/customer/wp-config.php(97): require_once('/home/seositi/c...')
#4 /home/seositi/customer/wp-load.php(50): require_once('/home/seositi/c...')
#5 /home/seositi/customer/wp-blog-header.php(13): require_once('/home/seositi/c...')
#6 /home/seositi/customer/index.php(17): require('/home/seositi/c...')
#7 {main}
  thrown in /home/seositi/customer/wp-content/plugins/seositicustomer/assets/classes/DAO/UtenteGestionaleDAO.php on line 6
[22-Mar-2022 21:32:47 UTC] PHP Fatal error:  Uncaught Error: Interface 'seositi\InterfaceDAO' not found in /home/seositi/customer/wp-content/plugins/seositicustomer/assets/classes/DAO/UtenteGestionaleDAO.php:6
Stack trace:
#0 /home/seositi/customer/wp-content/plugins/seositicustomer/assets/classes/classes.php(17): require_once()
#1 /home/seositi/customer/wp-content/plugins/seositicustomer/seositicustomer.php(20): require_once('/home/seositi/c...')
#2 /home/seositi/customer/wp-settings.php(418): include_once('/home/seositi/c...')
#3 /home/seositi/customer/wp-config.php(97): require_once('/home/seositi/c...')
#4 /home/seositi/customer/wp-load.php(50): require_once('/home/seositi/c...')
#5 /home/seositi/customer/wp-blog-header.php(13): require_once('/home/seositi/c...')
#6 /home/seositi/customer/index.php(17): require('/home/seositi/c...')
#7 {main}
  thrown in /home/seositi/customer/wp-content/plugins/seositicustomer/assets/classes/DAO/UtenteGestionaleDAO.php on line 6
[22-Mar-2022 21:32:47 UTC] PHP Notice:  is_embed è stato richiamato <strong>in maniera scorretta</strong>. I tag condizionali di una query non funzionano prima che la query sia stata eseguita. Prima dell'esecuzione restituiscono sempre il valore False. Leggi <a href="https://wordpress.org/support/article/debugging-in-wordpress/">Debugging in WordPress</a> per maggiori informazioni. (Questo messaggio è stato aggiunto nella versione 3.1.0.) in /home/seositi/customer/wp-includes/functions.php on line 5768
[22-Mar-2022 21:32:47 UTC] PHP Notice:  is_search è stato richiamato <strong>in maniera scorretta</strong>. I tag condizionali di una query non funzionano prima che la query sia stata eseguita. Prima dell'esecuzione restituiscono sempre il valore False. Leggi <a href="https://wordpress.org/support/article/debugging-in-wordpress/">Debugging in WordPress</a> per maggiori informazioni. (Questo messaggio è stato aggiunto nella versione 3.1.0.) in /home/seositi/customer/wp-includes/functions.php on line 5768
[22-Mar-2022 21:32:47 UTC] PHP Notice:  is_embed è stato richiamato <strong>in maniera scorretta</strong>. I tag condizionali di una query non funzionano prima che la query sia stata eseguita. Prima dell'esecuzione restituiscono sempre il valore False. Leggi <a href="https://wordpress.org/support/article/debugging-in-wordpress/">Debugging in WordPress</a> per maggiori informazioni. (Questo messaggio è stato aggiunto nella versione 3.1.0.) in /home/seositi/customer/wp-includes/functions.php on line 5768
[22-Mar-2022 21:32:47 UTC] PHP Notice:  is_search è stato richiamato <strong>in maniera scorretta</strong>. I tag condizionali di una query non funzionano prima che la query sia stata eseguita. Prima dell'esecuzione restituiscono sempre il valore False. Leggi <a href="https://wordpress.org/support/article/debugging-in-wordpress/">Debugging in WordPress</a> per maggiori informazioni. (Questo messaggio è stato aggiunto nella versione 3.1.0.) in /home/seositi/customer/wp-includes/functions.php on line 5768
[22-Mar-2022 21:32:51 UTC] PHP Fatal error:  Uncaught Error: Interface 'seositi\InterfaceDAO' not found in /home/seositi/customer/wp-content/plugins/seositicustomer/assets/classes/DAO/UtenteGestionaleDAO.php:6
Stack trace:
#0 /home/seositi/customer/wp-content/plugins/seositicustomer/assets/classes/classes.php(17): require_once()
#1 /home/seositi/customer/wp-content/plugins/seositicustomer/seositicustomer.php(20): require_once('/home/seositi/c...')
#2 /home/seositi/customer/wp-settings.php(418): include_once('/home/seositi/c...')
#3 /home/seositi/customer/wp-config.php(97): require_once('/home/seositi/c...')
#4 /home/seositi/customer/wp-load.php(50): require_once('/home/seositi/c...')
#5 /home/seositi/customer/wp-blog-header.php(13): require_once('/home/seositi/c...')
#6 /home/seositi/customer/index.php(17): require('/home/seositi/c...')
#7 {main}
  thrown in /home/seositi/customer/wp-content/plugins/seositicustomer/assets/classes/DAO/UtenteGestionaleDAO.php on line 6
[22-Mar-2022 21:32:51 UTC] PHP Notice:  is_embed è stato richiamato <strong>in maniera scorretta</strong>. I tag condizionali di una query non funzionano prima che la query sia stata eseguita. Prima dell'esecuzione restituiscono sempre il valore False. Leggi <a href="https://wordpress.org/support/article/debugging-in-wordpress/">Debugging in WordPress</a> per maggiori informazioni. (Questo messaggio è stato aggiunto nella versione 3.1.0.) in /home/seositi/customer/wp-includes/functions.php on line 5768
[22-Mar-2022 21:32:51 UTC] PHP Notice:  is_search è stato richiamato <strong>in maniera scorretta</strong>. I tag condizionali di una query non funzionano prima che la query sia stata eseguita. Prima dell'esecuzione restituiscono sempre il valore False. Leggi <a href="https://wordpress.org/support/article/debugging-in-wordpress/">Debugging in WordPress</a> per maggiori informazioni. (Questo messaggio è stato aggiunto nella versione 3.1.0.) in /home/seositi/customer/wp-includes/functions.php on line 5768
[22-Mar-2022 21:32:52 UTC] PHP Fatal error:  Uncaught Error: Interface 'seositi\InterfaceDAO' not found in /home/seositi/customer/wp-content/plugins/seositicustomer/assets/classes/DAO/UtenteGestionaleDAO.php:6
Stack trace:
#0 /home/seositi/customer/wp-content/plugins/seositicustomer/assets/classes/classes.php(17): require_once()
#1 /home/seositi/customer/wp-content/plugins/seositicustomer/seositicustomer.php(20): require_once('/home/seositi/c...')
#2 /home/seositi/customer/wp-settings.php(418): include_once('/home/seositi/c...')
#3 /home/seositi/customer/wp-config.php(97): require_once('/home/seositi/c...')
#4 /home/seositi/customer/wp-load.php(50): require_once('/home/seositi/c...')
#5 /home/seositi/customer/wp-blog-header.php(13): require_once('/home/seositi/c...')
#6 /home/seositi/customer/index.php(17): require('/home/seositi/c...')
#7 {main}
  thrown in /home/seositi/customer/wp-content/plugins/seositicustomer/assets/classes/DAO/UtenteGestionaleDAO.php on line 6
[22-Mar-2022 21:32:52 UTC] PHP Notice:  is_embed è stato richiamato <strong>in maniera scorretta</strong>. I tag condizionali di una query non funzionano prima che la query sia stata eseguita. Prima dell'esecuzione restituiscono sempre il valore False. Leggi <a href="https://wordpress.org/support/article/debugging-in-wordpress/">Debugging in WordPress</a> per maggiori informazioni. (Questo messaggio è stato aggiunto nella versione 3.1.0.) in /home/seositi/customer/wp-includes/functions.php on line 5768
[22-Mar-2022 21:32:52 UTC] PHP Notice:  is_search è stato richiamato <strong>in maniera scorretta</strong>. I tag condizionali di una query non funzionano prima che la query sia stata eseguita. Prima dell'esecuzione restituiscono sempre il valore False. Leggi <a href="https://wordpress.org/support/article/debugging-in-wordpress/">Debugging in WordPress</a> per maggiori informazioni. (Questo messaggio è stato aggiunto nella versione 3.1.0.) in /home/seositi/customer/wp-includes/functions.php on line 5768
[26-Mar-2022 00:02:19 UTC] PHP Fatal error:  Uncaught Error: Interface 'seositi\InterfaceDAO' not found in /home/seositi/customer/wp-content/plugins/seositicustomer/assets/classes/DAO/UtenteGestionaleDAO.php:6
Stack trace:
#0 /home/seositi/customer/wp-content/plugins/seositicustomer/assets/classes/classes.php(17): require_once()
#1 /home/seositi/customer/wp-content/plugins/seositicustomer/seositicustomer.php(20): require_once('/home/seositi/c...')
#2 /home/seositi/customer/wp-settings.php(418): include_once('/home/seositi/c...')
#3 /home/seositi/customer/wp-config.php(97): require_once('/home/seositi/c...')
#4 /home/seositi/customer/wp-load.php(50): require_once('/home/seositi/c...')
#5 /home/seositi/customer/wp-blog-header.php(13): require_once('/home/seositi/c...')
#6 /home/seositi/customer/index.php(17): require('/home/seositi/c...')
#7 {main}
  thrown in /home/seositi/customer/wp-content/plugins/seositicustomer/assets/classes/DAO/UtenteGestionaleDAO.php on line 6
[26-Mar-2022 00:02:19 UTC] PHP Notice:  is_embed è stato richiamato <strong>in maniera scorretta</strong>. I tag condizionali di una query non funzionano prima che la query sia stata eseguita. Prima dell'esecuzione restituiscono sempre il valore False. Leggi <a href="https://wordpress.org/support/article/debugging-in-wordpress/">Debugging in WordPress</a> per maggiori informazioni. (Questo messaggio è stato aggiunto nella versione 3.1.0.) in /home/seositi/customer/wp-includes/functions.php on line 5768
[26-Mar-2022 00:02:19 UTC] PHP Notice:  is_search è stato richiamato <strong>in maniera scorretta</strong>. I tag condizionali di una query non funzionano prima che la query sia stata eseguita. Prima dell'esecuzione restituiscono sempre il valore False. Leggi <a href="https://wordpress.org/support/article/debugging-in-wordpress/">Debugging in WordPress</a> per maggiori informazioni. (Questo messaggio è stato aggiunto nella versione 3.1.0.) in /home/seositi/customer/wp-includes/functions.php on line 5768
[26-Mar-2022 00:02:19 UTC] PHP Fatal error:  Uncaught Error: Interface 'seositi\InterfaceDAO' not found in /home/seositi/customer/wp-content/plugins/seositicustomer/assets/classes/DAO/UtenteGestionaleDAO.php:6
Stack trace:
#0 /home/seositi/customer/wp-content/plugins/seositicustomer/assets/classes/classes.php(17): require_once()
#1 /home/seositi/customer/wp-content/plugins/seositicustomer/seositicustomer.php(20): require_once('/home/seositi/c...')
#2 /home/seositi/customer/wp-settings.php(418): include_once('/home/seositi/c...')
#3 /home/seositi/customer/wp-config.php(97): require_once('/home/seositi/c...')
#4 /home/seositi/customer/wp-load.php(50): require_once('/home/seositi/c...')
#5 /home/seositi/customer/wp-blog-header.php(13): require_once('/home/seositi/c...')
#6 /home/seositi/customer/index.php(17): require('/home/seositi/c...')
#7 {main}
  thrown in /home/seositi/customer/wp-content/plugins/seositicustomer/assets/classes/DAO/UtenteGestionaleDAO.php on line 6
[26-Mar-2022 00:02:19 UTC] PHP Notice:  is_embed è stato richiamato <strong>in maniera scorretta</strong>. I tag condizionali di una query non funzionano prima che la query sia stata eseguita. Prima dell'esecuzione restituiscono sempre il valore False. Leggi <a href="https://wordpress.org/support/article/debugging-in-wordpress/">Debugging in WordPress</a> per maggiori informazioni. (Questo messaggio è stato aggiunto nella versione 3.1.0.) in /home/seositi/customer/wp-includes/functions.php on line 5768
[26-Mar-2022 00:02:19 UTC] PHP Notice:  is_search è stato richiamato <strong>in maniera scorretta</strong>. I tag condizionali di una query non funzionano prima che la query sia stata eseguita. Prima dell'esecuzione restituiscono sempre il valore False. Leggi <a href="https://wordpress.org/support/article/debugging-in-wordpress/">Debugging in WordPress</a> per maggiori informazioni. (Questo messaggio è stato aggiunto nella versione 3.1.0.) in /home/seositi/customer/wp-includes/functions.php on line 5768
[29-Mar-2022 15:38:57 UTC] PHP Fatal error:  Uncaught Error: Interface 'seositi\InterfaceDAO' not found in /home/seositi/customer/wp-content/plugins/seositicustomer/assets/classes/DAO/UtenteGestionaleDAO.php:6
Stack trace:
#0 /home/seositi/customer/wp-content/plugins/seositicustomer/assets/classes/classes.php(17): require_once()
#1 /home/seositi/customer/wp-content/plugins/seositicustomer/seositicustomer.php(20): require_once('/home/seositi/c...')
#2 /home/seositi/customer/wp-settings.php(418): include_once('/home/seositi/c...')
#3 /home/seositi/customer/wp-config.php(97): require_once('/home/seositi/c...')
#4 /home/seositi/customer/wp-load.php(50): require_once('/home/seositi/c...')
#5 /home/seositi/customer/wp-blog-header.php(13): require_once('/home/seositi/c...')
#6 /home/seositi/customer/index.php(17): require('/home/seositi/c...')
#7 {main}
  thrown in /home/seositi/customer/wp-content/plugins/seositicustomer/assets/classes/DAO/UtenteGestionaleDAO.php on line 6
[29-Mar-2022 15:38:57 UTC] PHP Fatal error:  Uncaught Error: Interface 'seositi\InterfaceDAO' not found in /home/seositi/customer/wp-content/plugins/seositicustomer/assets/classes/DAO/UtenteGestionaleDAO.php:6
Stack trace:
#0 /home/seositi/customer/wp-content/plugins/seositicustomer/assets/classes/classes.php(17): require_once()
#1 /home/seositi/customer/wp-content/plugins/seositicustomer/seositicustomer.php(20): require_once('/home/seositi/c...')
#2 /home/seositi/customer/wp-settings.php(418): include_once('/home/seositi/c...')
#3 /home/seositi/customer/wp-config.php(97): require_once('/home/seositi/c...')
#4 /home/seositi/customer/wp-load.php(50): require_once('/home/seositi/c...')
#5 /home/seositi/customer/wp-blog-header.php(13): require_once('/home/seositi/c...')
#6 /home/seositi/customer/index.php(17): require('/home/seositi/c...')
#7 {main}
  thrown in /home/seositi/customer/wp-content/plugins/seositicustomer/assets/classes/DAO/UtenteGestionaleDAO.php on line 6
[29-Mar-2022 15:38:57 UTC] PHP Notice:  is_embed è stato richiamato <strong>in maniera scorretta</strong>. I tag condizionali di una query non funzionano prima che la query sia stata eseguita. Prima dell'esecuzione restituiscono sempre il valore False. Leggi <a href="https://wordpress.org/support/article/debugging-in-wordpress/">Debugging in WordPress</a> per maggiori informazioni. (Questo messaggio è stato aggiunto nella versione 3.1.0.) in /home/seositi/customer/wp-includes/functions.php on line 5768
[29-Mar-2022 15:38:57 UTC] PHP Notice:  is_search è stato richiamato <strong>in maniera scorretta</strong>. I tag condizionali di una query non funzionano prima che la query sia stata eseguita. Prima dell'esecuzione restituiscono sempre il valore False. Leggi <a href="https://wordpress.org/support/article/debugging-in-wordpress/">Debugging in WordPress</a> per maggiori informazioni. (Questo messaggio è stato aggiunto nella versione 3.1.0.) in /home/seositi/customer/wp-includes/functions.php on line 5768
[29-Mar-2022 15:38:57 UTC] PHP Notice:  is_embed è stato richiamato <strong>in maniera scorretta</strong>. I tag condizionali di una query non funzionano prima che la query sia stata eseguita. Prima dell'esecuzione restituiscono sempre il valore False. Leggi <a href="https://wordpress.org/support/article/debugging-in-wordpress/">Debugging in WordPress</a> per maggiori informazioni. (Questo messaggio è stato aggiunto nella versione 3.1.0.) in /home/seositi/customer/wp-includes/functions.php on line 5768
[29-Mar-2022 15:38:57 UTC] PHP Notice:  is_search è stato richiamato <strong>in maniera scorretta</strong>. I tag condizionali di una query non funzionano prima che la query sia stata eseguita. Prima dell'esecuzione restituiscono sempre il valore False. Leggi <a href="https://wordpress.org/support/article/debugging-in-wordpress/">Debugging in WordPress</a> per maggiori informazioni. (Questo messaggio è stato aggiunto nella versione 3.1.0.) in /home/seositi/customer/wp-includes/functions.php on line 5768
[05-Apr-2022 16:42:54 UTC] PHP Fatal error:  Uncaught Error: Interface 'seositi\InterfaceDAO' not found in /home/seositi/customer/wp-content/plugins/seositicustomer/assets/classes/DAO/UtenteGestionaleDAO.php:6
Stack trace:
#0 /home/seositi/customer/wp-content/plugins/seositicustomer/assets/classes/classes.php(17): require_once()
#1 /home/seositi/customer/wp-content/plugins/seositicustomer/seositicustomer.php(20): require_once('/home/seositi/c...')
#2 /home/seositi/customer/wp-settings.php(418): include_once('/home/seositi/c...')
#3 /home/seositi/customer/wp-config.php(97): require_once('/home/seositi/c...')
#4 /home/seositi/customer/wp-load.php(50): require_once('/home/seositi/c...')
#5 /home/seositi/customer/wp-blog-header.php(13): require_once('/home/seositi/c...')
#6 /home/seositi/customer/index.php(17): require('/home/seositi/c...')
#7 {main}
  thrown in /home/seositi/customer/wp-content/plugins/seositicustomer/assets/classes/DAO/UtenteGestionaleDAO.php on line 6
[05-Apr-2022 16:42:54 UTC] PHP Fatal error:  Uncaught Error: Interface 'seositi\InterfaceDAO' not found in /home/seositi/customer/wp-content/plugins/seositicustomer/assets/classes/DAO/UtenteGestionaleDAO.php:6
Stack trace:
#0 /home/seositi/customer/wp-content/plugins/seositicustomer/assets/classes/classes.php(17): require_once()
#1 /home/seositi/customer/wp-content/plugins/seositicustomer/seositicustomer.php(20): require_once('/home/seositi/c...')
#2 /home/seositi/customer/wp-settings.php(418): include_once('/home/seositi/c...')
#3 /home/seositi/customer/wp-config.php(97): require_once('/home/seositi/c...')
#4 /home/seositi/customer/wp-load.php(50): require_once('/home/seositi/c...')
#5 /home/seositi/customer/wp-blog-header.php(13): require_once('/home/seositi/c...')
#6 /home/seositi/customer/index.php(17): require('/home/seositi/c...')
#7 {main}
  thrown in /home/seositi/customer/wp-content/plugins/seositicustomer/assets/classes/DAO/UtenteGestionaleDAO.php on line 6
[05-Apr-2022 16:42:54 UTC] PHP Notice:  is_embed è stato richiamato <strong>in maniera scorretta</strong>. I tag condizionali di una query non funzionano prima che la query sia stata eseguita. Prima dell'esecuzione restituiscono sempre il valore False. Leggi <a href="https://wordpress.org/support/article/debugging-in-wordpress/">Debugging in WordPress</a> per maggiori informazioni. (Questo messaggio è stato aggiunto nella versione 3.1.0.) in /home/seositi/customer/wp-includes/functions.php on line 5768
[05-Apr-2022 16:42:54 UTC] PHP Notice:  is_search è stato richiamato <strong>in maniera scorretta</strong>. I tag condizionali di una query non funzionano prima che la query sia stata eseguita. Prima dell'esecuzione restituiscono sempre il valore False. Leggi <a href="https://wordpress.org/support/article/debugging-in-wordpress/">Debugging in WordPress</a> per maggiori informazioni. (Questo messaggio è stato aggiunto nella versione 3.1.0.) in /home/seositi/customer/wp-includes/functions.php on line 5768
[05-Apr-2022 16:42:54 UTC] PHP Notice:  is_embed è stato richiamato <strong>in maniera scorretta</strong>. I tag condizionali di una query non funzionano prima che la query sia stata eseguita. Prima dell'esecuzione restituiscono sempre il valore False. Leggi <a href="https://wordpress.org/support/article/debugging-in-wordpress/">Debugging in WordPress</a> per maggiori informazioni. (Questo messaggio è stato aggiunto nella versione 3.1.0.) in /home/seositi/customer/wp-includes/functions.php on line 5768
[05-Apr-2022 16:42:54 UTC] PHP Notice:  is_search è stato richiamato <strong>in maniera scorretta</strong>. I tag condizionali di una query non funzionano prima che la query sia stata eseguita. Prima dell'esecuzione restituiscono sempre il valore False. Leggi <a href="https://wordpress.org/support/article/debugging-in-wordpress/">Debugging in WordPress</a> per maggiori informazioni. (Questo messaggio è stato aggiunto nella versione 3.1.0.) in /home/seositi/customer/wp-includes/functions.php on line 5768
[05-Apr-2022 22:44:59 UTC] PHP Fatal error:  Uncaught Error: Interface 'seositi\InterfaceDAO' not found in /home/seositi/customer/wp-content/plugins/seositicustomer/assets/classes/DAO/UtenteGestionaleDAO.php:6
Stack trace:
#0 /home/seositi/customer/wp-content/plugins/seositicustomer/assets/classes/classes.php(17): require_once()
#1 /home/seositi/customer/wp-content/plugins/seositicustomer/seositicustomer.php(20): require_once('/home/seositi/c...')
#2 /home/seositi/customer/wp-settings.php(418): include_once('/home/seositi/c...')
#3 /home/seositi/customer/wp-config.php(97): require_once('/home/seositi/c...')
#4 /home/seositi/customer/wp-load.php(50): require_once('/home/seositi/c...')
#5 /home/seositi/customer/wp-blog-header.php(13): require_once('/home/seositi/c...')
#6 /home/seositi/customer/index.php(17): require('/home/seositi/c...')
#7 {main}
  thrown in /home/seositi/customer/wp-content/plugins/seositicustomer/assets/classes/DAO/UtenteGestionaleDAO.php on line 6
[05-Apr-2022 22:44:59 UTC] PHP Notice:  is_embed è stato richiamato <strong>in maniera scorretta</strong>. I tag condizionali di una query non funzionano prima che la query sia stata eseguita. Prima dell'esecuzione restituiscono sempre il valore False. Leggi <a href="https://wordpress.org/support/article/debugging-in-wordpress/">Debugging in WordPress</a> per maggiori informazioni. (Questo messaggio è stato aggiunto nella versione 3.1.0.) in /home/seositi/customer/wp-includes/functions.php on line 5768
[05-Apr-2022 22:44:59 UTC] PHP Notice:  is_search è stato richiamato <strong>in maniera scorretta</strong>. I tag condizionali di una query non funzionano prima che la query sia stata eseguita. Prima dell'esecuzione restituiscono sempre il valore False. Leggi <a href="https://wordpress.org/support/article/debugging-in-wordpress/">Debugging in WordPress</a> per maggiori informazioni. (Questo messaggio è stato aggiunto nella versione 3.1.0.) in /home/seositi/customer/wp-includes/functions.php on line 5768
[06-Apr-2022 07:23:06 UTC] PHP Fatal error:  Uncaught Error: Interface 'seositi\InterfaceDAO' not found in /home/seositi/customer/wp-content/plugins/seositicustomer/assets/classes/DAO/UtenteGestionaleDAO.php:6
Stack trace:
#0 /home/seositi/customer/wp-content/plugins/seositicustomer/assets/classes/classes.php(17): require_once()
#1 /home/seositi/customer/wp-content/plugins/seositicustomer/seositicustomer.php(20): require_once('/home/seositi/c...')
#2 /home/seositi/customer/wp-settings.php(418): include_once('/home/seositi/c...')
#3 /home/seositi/customer/wp-config.php(97): require_once('/home/seositi/c...')
#4 /home/seositi/customer/wp-load.php(50): require_once('/home/seositi/c...')
#5 /home/seositi/customer/wp-blog-header.php(13): require_once('/home/seositi/c...')
#6 /home/seositi/customer/index.php(17): require('/home/seositi/c...')
#7 {main}
  thrown in /home/seositi/customer/wp-content/plugins/seositicustomer/assets/classes/DAO/UtenteGestionaleDAO.php on line 6
[06-Apr-2022 07:23:06 UTC] PHP Fatal error:  Uncaught Error: Interface 'seositi\InterfaceDAO' not found in /home/seositi/customer/wp-content/plugins/seositicustomer/assets/classes/DAO/UtenteGestionaleDAO.php:6
Stack trace:
#0 /home/seositi/customer/wp-content/plugins/seositicustomer/assets/classes/classes.php(17): require_once()
#1 /home/seositi/customer/wp-content/plugins/seositicustomer/seositicustomer.php(20): require_once('/home/seositi/c...')
#2 /home/seositi/customer/wp-settings.php(418): include_once('/home/seositi/c...')
#3 /home/seositi/customer/wp-config.php(97): require_once('/home/seositi/c...')
#4 /home/seositi/customer/wp-load.php(50): require_once('/home/seositi/c...')
#5 /home/seositi/customer/wp-blog-header.php(13): require_once('/home/seositi/c...')
#6 /home/seositi/customer/index.php(17): require('/home/seositi/c...')
#7 {main}
  thrown in /home/seositi/customer/wp-content/plugins/seositicustomer/assets/classes/DAO/UtenteGestionaleDAO.php on line 6
[06-Apr-2022 07:23:06 UTC] PHP Notice:  is_embed è stato richiamato <strong>in maniera scorretta</strong>. I tag condizionali di una query non funzionano prima che la query sia stata eseguita. Prima dell'esecuzione restituiscono sempre il valore False. Leggi <a href="https://wordpress.org/support/article/debugging-in-wordpress/">Debugging in WordPress</a> per maggiori informazioni. (Questo messaggio è stato aggiunto nella versione 3.1.0.) in /home/seositi/customer/wp-includes/functions.php on line 5768
[06-Apr-2022 07:23:06 UTC] PHP Notice:  is_search è stato richiamato <strong>in maniera scorretta</strong>. I tag condizionali di una query non funzionano prima che la query sia stata eseguita. Prima dell'esecuzione restituiscono sempre il valore False. Leggi <a href="https://wordpress.org/support/article/debugging-in-wordpress/">Debugging in WordPress</a> per maggiori informazioni. (Questo messaggio è stato aggiunto nella versione 3.1.0.) in /home/seositi/customer/wp-includes/functions.php on line 5768
[06-Apr-2022 07:23:06 UTC] PHP Notice:  is_embed è stato richiamato <strong>in maniera scorretta</strong>. I tag condizionali di una query non funzionano prima che la query sia stata eseguita. Prima dell'esecuzione restituiscono sempre il valore False. Leggi <a href="https://wordpress.org/support/article/debugging-in-wordpress/">Debugging in WordPress</a> per maggiori informazioni. (Questo messaggio è stato aggiunto nella versione 3.1.0.) in /home/seositi/customer/wp-includes/functions.php on line 5768
[06-Apr-2022 07:23:06 UTC] PHP Notice:  is_search è stato richiamato <strong>in maniera scorretta</strong>. I tag condizionali di una query non funzionano prima che la query sia stata eseguita. Prima dell'esecuzione restituiscono sempre il valore False. Leggi <a href="https://wordpress.org/support/article/debugging-in-wordpress/">Debugging in WordPress</a> per maggiori informazioni. (Questo messaggio è stato aggiunto nella versione 3.1.0.) in /home/seositi/customer/wp-includes/functions.php on line 5768
[06-Apr-2022 07:23:10 UTC] PHP Fatal error:  Uncaught Error: Interface 'seositi\InterfaceDAO' not found in /home/seositi/customer/wp-content/plugins/seositicustomer/assets/classes/DAO/UtenteGestionaleDAO.php:6
Stack trace:
#0 /home/seositi/customer/wp-content/plugins/seositicustomer/assets/classes/classes.php(17): require_once()
#1 /home/seositi/customer/wp-content/plugins/seositicustomer/seositicustomer.php(20): require_once('/home/seositi/c...')
#2 /home/seositi/customer/wp-settings.php(418): include_once('/home/seositi/c...')
#3 /home/seositi/customer/wp-config.php(97): require_once('/home/seositi/c...')
#4 /home/seositi/customer/wp-load.php(50): require_once('/home/seositi/c...')
#5 /home/seositi/customer/wp-blog-header.php(13): require_once('/home/seositi/c...')
#6 /home/seositi/customer/index.php(17): require('/home/seositi/c...')
#7 {main}
  thrown in /home/seositi/customer/wp-content/plugins/seositicustomer/assets/classes/DAO/UtenteGestionaleDAO.php on line 6
[06-Apr-2022 07:23:10 UTC] PHP Notice:  is_embed è stato richiamato <strong>in maniera scorretta</strong>. I tag condizionali di una query non funzionano prima che la query sia stata eseguita. Prima dell'esecuzione restituiscono sempre il valore False. Leggi <a href="https://wordpress.org/support/article/debugging-in-wordpress/">Debugging in WordPress</a> per maggiori informazioni. (Questo messaggio è stato aggiunto nella versione 3.1.0.) in /home/seositi/customer/wp-includes/functions.php on line 5768
[06-Apr-2022 07:23:10 UTC] PHP Notice:  is_search è stato richiamato <strong>in maniera scorretta</strong>. I tag condizionali di una query non funzionano prima che la query sia stata eseguita. Prima dell'esecuzione restituiscono sempre il valore False. Leggi <a href="https://wordpress.org/support/article/debugging-in-wordpress/">Debugging in WordPress</a> per maggiori informazioni. (Questo messaggio è stato aggiunto nella versione 3.1.0.) in /home/seositi/customer/wp-includes/functions.php on line 5768
[06-Apr-2022 07:23:11 UTC] PHP Fatal error:  Uncaught Error: Interface 'seositi\InterfaceDAO' not found in /home/seositi/customer/wp-content/plugins/seositicustomer/assets/classes/DAO/UtenteGestionaleDAO.php:6
Stack trace:
#0 /home/seositi/customer/wp-content/plugins/seositicustomer/assets/classes/classes.php(17): require_once()
#1 /home/seositi/customer/wp-content/plugins/seositicustomer/seositicustomer.php(20): require_once('/home/seositi/c...')
#2 /home/seositi/customer/wp-settings.php(418): include_once('/home/seositi/c...')
#3 /home/seositi/customer/wp-config.php(97): require_once('/home/seositi/c...')
#4 /home/seositi/customer/wp-load.php(50): require_once('/home/seositi/c...')
#5 /home/seositi/customer/wp-blog-header.php(13): require_once('/home/seositi/c...')
#6 /home/seositi/customer/index.php(17): require('/home/seositi/c...')
#7 {main}
  thrown in /home/seositi/customer/wp-content/plugins/seositicustomer/assets/classes/DAO/UtenteGestionaleDAO.php on line 6
[06-Apr-2022 07:23:11 UTC] PHP Notice:  is_embed è stato richiamato <strong>in maniera scorretta</strong>. I tag condizionali di una query non funzionano prima che la query sia stata eseguita. Prima dell'esecuzione restituiscono sempre il valore False. Leggi <a href="https://wordpress.org/support/article/debugging-in-wordpress/">Debugging in WordPress</a> per maggiori informazioni. (Questo messaggio è stato aggiunto nella versione 3.1.0.) in /home/seositi/customer/wp-includes/functions.php on line 5768
[06-Apr-2022 07:23:11 UTC] PHP Notice:  is_search è stato richiamato <strong>in maniera scorretta</strong>. I tag condizionali di una query non funzionano prima che la query sia stata eseguita. Prima dell'esecuzione restituiscono sempre il valore False. Leggi <a href="https://wordpress.org/support/article/debugging-in-wordpress/">Debugging in WordPress</a> per maggiori informazioni. (Questo messaggio è stato aggiunto nella versione 3.1.0.) in /home/seositi/customer/wp-includes/functions.php on line 5768
[08-Apr-2022 10:49:09 UTC] PHP Fatal error:  Uncaught Error: Interface 'seositi\InterfaceDAO' not found in /home/seositi/customer/wp-content/plugins/seositicustomer/assets/classes/DAO/UtenteGestionaleDAO.php:6
Stack trace:
#0 /home/seositi/customer/wp-content/plugins/seositicustomer/assets/classes/classes.php(17): require_once()
#1 /home/seositi/customer/wp-content/plugins/seositicustomer/seositicustomer.php(20): require_once('/home/seositi/c...')
#2 /home/seositi/customer/wp-settings.php(418): include_once('/home/seositi/c...')
#3 /home/seositi/customer/wp-config.php(97): require_once('/home/seositi/c...')
#4 /home/seositi/customer/wp-load.php(50): require_once('/home/seositi/c...')
#5 /home/seositi/customer/wp-blog-header.php(13): require_once('/home/seositi/c...')
#6 /home/seositi/customer/index.php(17): require('/home/seositi/c...')
#7 {main}
  thrown in /home/seositi/customer/wp-content/plugins/seositicustomer/assets/classes/DAO/UtenteGestionaleDAO.php on line 6
[08-Apr-2022 10:49:09 UTC] PHP Notice:  is_embed è stato richiamato <strong>in maniera scorretta</strong>. I tag condizionali di una query non funzionano prima che la query sia stata eseguita. Prima dell'esecuzione restituiscono sempre il valore False. Leggi <a href="https://wordpress.org/support/article/debugging-in-wordpress/">Debugging in WordPress</a> per maggiori informazioni. (Questo messaggio è stato aggiunto nella versione 3.1.0.) in /home/seositi/customer/wp-includes/functions.php on line 5768
[08-Apr-2022 10:49:09 UTC] PHP Notice:  is_search è stato richiamato <strong>in maniera scorretta</strong>. I tag condizionali di una query non funzionano prima che la query sia stata eseguita. Prima dell'esecuzione restituiscono sempre il valore False. Leggi <a href="https://wordpress.org/support/article/debugging-in-wordpress/">Debugging in WordPress</a> per maggiori informazioni. (Questo messaggio è stato aggiunto nella versione 3.1.0.) in /home/seositi/customer/wp-includes/functions.php on line 5768
[12-Apr-2022 17:53:25 UTC] PHP Fatal error:  Uncaught Error: Interface 'seositi\InterfaceDAO' not found in /home/seositi/customer/wp-content/plugins/seositicustomer/assets/classes/DAO/UtenteGestionaleDAO.php:6
Stack trace:
#0 /home/seositi/customer/wp-content/plugins/seositicustomer/assets/classes/classes.php(17): require_once()
#1 /home/seositi/customer/wp-content/plugins/seositicustomer/seositicustomer.php(20): require_once('/home/seositi/c...')
#2 /home/seositi/customer/wp-settings.php(418): include_once('/home/seositi/c...')
#3 /home/seositi/customer/wp-config.php(97): require_once('/home/seositi/c...')
#4 /home/seositi/customer/wp-load.php(50): require_once('/home/seositi/c...')
#5 /home/seositi/customer/wp-blog-header.php(13): require_once('/home/seositi/c...')
#6 /home/seositi/customer/index.php(17): require('/home/seositi/c...')
#7 {main}
  thrown in /home/seositi/customer/wp-content/plugins/seositicustomer/assets/classes/DAO/UtenteGestionaleDAO.php on line 6
[12-Apr-2022 17:53:25 UTC] PHP Fatal error:  Uncaught Error: Interface 'seositi\InterfaceDAO' not found in /home/seositi/customer/wp-content/plugins/seositicustomer/assets/classes/DAO/UtenteGestionaleDAO.php:6
Stack trace:
#0 /home/seositi/customer/wp-content/plugins/seositicustomer/assets/classes/classes.php(17): require_once()
#1 /home/seositi/customer/wp-content/plugins/seositicustomer/seositicustomer.php(20): require_once('/home/seositi/c...')
#2 /home/seositi/customer/wp-settings.php(418): include_once('/home/seositi/c...')
#3 /home/seositi/customer/wp-config.php(97): require_once('/home/seositi/c...')
#4 /home/seositi/customer/wp-load.php(50): require_once('/home/seositi/c...')
#5 /home/seositi/customer/wp-blog-header.php(13): require_once('/home/seositi/c...')
#6 /home/seositi/customer/index.php(17): require('/home/seositi/c...')
#7 {main}
  thrown in /home/seositi/customer/wp-content/plugins/seositicustomer/assets/classes/DAO/UtenteGestionaleDAO.php on line 6
[12-Apr-2022 17:53:25 UTC] PHP Notice:  is_embed è stato richiamato <strong>in maniera scorretta</strong>. I tag condizionali di una query non funzionano prima che la query sia stata eseguita. Prima dell'esecuzione restituiscono sempre il valore False. Leggi <a href="https://wordpress.org/support/article/debugging-in-wordpress/">Debugging in WordPress</a> per maggiori informazioni. (Questo messaggio è stato aggiunto nella versione 3.1.0.) in /home/seositi/customer/wp-includes/functions.php on line 5768
[12-Apr-2022 17:53:25 UTC] PHP Notice:  is_search è stato richiamato <strong>in maniera scorretta</strong>. I tag condizionali di una query non funzionano prima che la query sia stata eseguita. Prima dell'esecuzione restituiscono sempre il valore False. Leggi <a href="https://wordpress.org/support/article/debugging-in-wordpress/">Debugging in WordPress</a> per maggiori informazioni. (Questo messaggio è stato aggiunto nella versione 3.1.0.) in /home/seositi/customer/wp-includes/functions.php on line 5768
[12-Apr-2022 17:53:25 UTC] PHP Notice:  is_embed è stato richiamato <strong>in maniera scorretta</strong>. I tag condizionali di una query non funzionano prima che la query sia stata eseguita. Prima dell'esecuzione restituiscono sempre il valore False. Leggi <a href="https://wordpress.org/support/article/debugging-in-wordpress/">Debugging in WordPress</a> per maggiori informazioni. (Questo messaggio è stato aggiunto nella versione 3.1.0.) in /home/seositi/customer/wp-includes/functions.php on line 5768
[12-Apr-2022 17:53:25 UTC] PHP Notice:  is_search è stato richiamato <strong>in maniera scorretta</strong>. I tag condizionali di una query non funzionano prima che la query sia stata eseguita. Prima dell'esecuzione restituiscono sempre il valore False. Leggi <a href="https://wordpress.org/support/article/debugging-in-wordpress/">Debugging in WordPress</a> per maggiori informazioni. (Questo messaggio è stato aggiunto nella versione 3.1.0.) in /home/seositi/customer/wp-includes/functions.php on line 5768
[12-Apr-2022 17:53:30 UTC] PHP Fatal error:  Uncaught Error: Interface 'seositi\InterfaceDAO' not found in /home/seositi/customer/wp-content/plugins/seositicustomer/assets/classes/DAO/UtenteGestionaleDAO.php:6
Stack trace:
#0 /home/seositi/customer/wp-content/plugins/seositicustomer/assets/classes/classes.php(17): require_once()
#1 /home/seositi/customer/wp-content/plugins/seositicustomer/seositicustomer.php(20): require_once('/home/seositi/c...')
#2 /home/seositi/customer/wp-settings.php(418): include_once('/home/seositi/c...')
#3 /home/seositi/customer/wp-config.php(97): require_once('/home/seositi/c...')
#4 /home/seositi/customer/wp-load.php(50): require_once('/home/seositi/c...')
#5 /home/seositi/customer/wp-blog-header.php(13): require_once('/home/seositi/c...')
#6 /home/seositi/customer/index.php(17): require('/home/seositi/c...')
#7 {main}
  thrown in /home/seositi/customer/wp-content/plugins/seositicustomer/assets/classes/DAO/UtenteGestionaleDAO.php on line 6
[12-Apr-2022 17:53:30 UTC] PHP Notice:  is_embed è stato richiamato <strong>in maniera scorretta</strong>. I tag condizionali di una query non funzionano prima che la query sia stata eseguita. Prima dell'esecuzione restituiscono sempre il valore False. Leggi <a href="https://wordpress.org/support/article/debugging-in-wordpress/">Debugging in WordPress</a> per maggiori informazioni. (Questo messaggio è stato aggiunto nella versione 3.1.0.) in /home/seositi/customer/wp-includes/functions.php on line 5768
[12-Apr-2022 17:53:30 UTC] PHP Notice:  is_search è stato richiamato <strong>in maniera scorretta</strong>. I tag condizionali di una query non funzionano prima che la query sia stata eseguita. Prima dell'esecuzione restituiscono sempre il valore False. Leggi <a href="https://wordpress.org/support/article/debugging-in-wordpress/">Debugging in WordPress</a> per maggiori informazioni. (Questo messaggio è stato aggiunto nella versione 3.1.0.) in /home/seositi/customer/wp-includes/functions.php on line 5768
[12-Apr-2022 17:53:30 UTC] PHP Fatal error:  Uncaught Error: Interface 'seositi\InterfaceDAO' not found in /home/seositi/customer/wp-content/plugins/seositicustomer/assets/classes/DAO/UtenteGestionaleDAO.php:6
Stack trace:
#0 /home/seositi/customer/wp-content/plugins/seositicustomer/assets/classes/classes.php(17): require_once()
#1 /home/seositi/customer/wp-content/plugins/seositicustomer/seositicustomer.php(20): require_once('/home/seositi/c...')
#2 /home/seositi/customer/wp-settings.php(418): include_once('/home/seositi/c...')
#3 /home/seositi/customer/wp-config.php(97): require_once('/home/seositi/c...')
#4 /home/seositi/customer/wp-load.php(50): require_once('/home/seositi/c...')
#5 /home/seositi/customer/wp-blog-header.php(13): require_once('/home/seositi/c...')
#6 /home/seositi/customer/index.php(17): require('/home/seositi/c...')
#7 {main}
  thrown in /home/seositi/customer/wp-content/plugins/seositicustomer/assets/classes/DAO/UtenteGestionaleDAO.php on line 6
[12-Apr-2022 17:53:30 UTC] PHP Notice:  is_embed è stato richiamato <strong>in maniera scorretta</strong>. I tag condizionali di una query non funzionano prima che la query sia stata eseguita. Prima dell'esecuzione restituiscono sempre il valore False. Leggi <a href="https://wordpress.org/support/article/debugging-in-wordpress/">Debugging in WordPress</a> per maggiori informazioni. (Questo messaggio è stato aggiunto nella versione 3.1.0.) in /home/seositi/customer/wp-includes/functions.php on line 5768
[12-Apr-2022 17:53:30 UTC] PHP Notice:  is_search è stato richiamato <strong>in maniera scorretta</strong>. I tag condizionali di una query non funzionano prima che la query sia stata eseguita. Prima dell'esecuzione restituiscono sempre il valore False. Leggi <a href="https://wordpress.org/support/article/debugging-in-wordpress/">Debugging in WordPress</a> per maggiori informazioni. (Questo messaggio è stato aggiunto nella versione 3.1.0.) in /home/seositi/customer/wp-includes/functions.php on line 5768
[21-Apr-2022 04:30:18 UTC] PHP Fatal error:  Uncaught Error: Interface 'seositi\InterfaceDAO' not found in /home/seositi/customer/wp-content/plugins/seositicustomer/assets/classes/DAO/UtenteGestionaleDAO.php:6
Stack trace:
#0 /home/seositi/customer/wp-content/plugins/seositicustomer/assets/classes/classes.php(17): require_once()
#1 /home/seositi/customer/wp-content/plugins/seositicustomer/seositicustomer.php(20): require_once('/home/seositi/c...')
#2 /home/seositi/customer/wp-settings.php(418): include_once('/home/seositi/c...')
#3 /home/seositi/customer/wp-config.php(97): require_once('/home/seositi/c...')
#4 /home/seositi/customer/wp-load.php(50): require_once('/home/seositi/c...')
#5 /home/seositi/customer/wp-blog-header.php(13): require_once('/home/seositi/c...')
#6 /home/seositi/customer/index.php(17): require('/home/seositi/c...')
#7 {main}
  thrown in /home/seositi/customer/wp-content/plugins/seositicustomer/assets/classes/DAO/UtenteGestionaleDAO.php on line 6
[21-Apr-2022 04:30:18 UTC] PHP Fatal error:  Uncaught Error: Interface 'seositi\InterfaceDAO' not found in /home/seositi/customer/wp-content/plugins/seositicustomer/assets/classes/DAO/UtenteGestionaleDAO.php:6
Stack trace:
#0 /home/seositi/customer/wp-content/plugins/seositicustomer/assets/classes/classes.php(17): require_once()
#1 /home/seositi/customer/wp-content/plugins/seositicustomer/seositicustomer.php(20): require_once('/home/seositi/c...')
#2 /home/seositi/customer/wp-settings.php(418): include_once('/home/seositi/c...')
#3 /home/seositi/customer/wp-config.php(97): require_once('/home/seositi/c...')
#4 /home/seositi/customer/wp-load.php(50): require_once('/home/seositi/c...')
#5 /home/seositi/customer/wp-blog-header.php(13): require_once('/home/seositi/c...')
#6 /home/seositi/customer/index.php(17): require('/home/seositi/c...')
#7 {main}
  thrown in /home/seositi/customer/wp-content/plugins/seositicustomer/assets/classes/DAO/UtenteGestionaleDAO.php on line 6
[21-Apr-2022 04:30:18 UTC] PHP Notice:  is_embed è stato richiamato <strong>in maniera scorretta</strong>. I tag condizionali di una query non funzionano prima che la query sia stata eseguita. Prima dell'esecuzione restituiscono sempre il valore False. Leggi <a href="https://wordpress.org/support/article/debugging-in-wordpress/">Debugging in WordPress</a> per maggiori informazioni. (Questo messaggio è stato aggiunto nella versione 3.1.0.) in /home/seositi/customer/wp-includes/functions.php on line 5768
[21-Apr-2022 04:30:18 UTC] PHP Notice:  is_search è stato richiamato <strong>in maniera scorretta</strong>. I tag condizionali di una query non funzionano prima che la query sia stata eseguita. Prima dell'esecuzione restituiscono sempre il valore False. Leggi <a href="https://wordpress.org/support/article/debugging-in-wordpress/">Debugging in WordPress</a> per maggiori informazioni. (Questo messaggio è stato aggiunto nella versione 3.1.0.) in /home/seositi/customer/wp-includes/functions.php on line 5768
[21-Apr-2022 04:30:18 UTC] PHP Notice:  is_embed è stato richiamato <strong>in maniera scorretta</strong>. I tag condizionali di una query non funzionano prima che la query sia stata eseguita. Prima dell'esecuzione restituiscono sempre il valore False. Leggi <a href="https://wordpress.org/support/article/debugging-in-wordpress/">Debugging in WordPress</a> per maggiori informazioni. (Questo messaggio è stato aggiunto nella versione 3.1.0.) in /home/seositi/customer/wp-includes/functions.php on line 5768
[21-Apr-2022 04:30:18 UTC] PHP Notice:  is_search è stato richiamato <strong>in maniera scorretta</strong>. I tag condizionali di una query non funzionano prima che la query sia stata eseguita. Prima dell'esecuzione restituiscono sempre il valore False. Leggi <a href="https://wordpress.org/support/article/debugging-in-wordpress/">Debugging in WordPress</a> per maggiori informazioni. (Questo messaggio è stato aggiunto nella versione 3.1.0.) in /home/seositi/customer/wp-includes/functions.php on line 5768
[21-Apr-2022 04:30:23 UTC] PHP Fatal error:  Uncaught Error: Interface 'seositi\InterfaceDAO' not found in /home/seositi/customer/wp-content/plugins/seositicustomer/assets/classes/DAO/UtenteGestionaleDAO.php:6
Stack trace:
#0 /home/seositi/customer/wp-content/plugins/seositicustomer/assets/classes/classes.php(17): require_once()
#1 /home/seositi/customer/wp-content/plugins/seositicustomer/seositicustomer.php(20): require_once('/home/seositi/c...')
#2 /home/seositi/customer/wp-settings.php(418): include_once('/home/seositi/c...')
#3 /home/seositi/customer/wp-config.php(97): require_once('/home/seositi/c...')
#4 /home/seositi/customer/wp-load.php(50): require_once('/home/seositi/c...')
#5 /home/seositi/customer/wp-blog-header.php(13): require_once('/home/seositi/c...')
#6 /home/seositi/customer/index.php(17): require('/home/seositi/c...')
#7 {main}
  thrown in /home/seositi/customer/wp-content/plugins/seositicustomer/assets/classes/DAO/UtenteGestionaleDAO.php on line 6
[21-Apr-2022 04:30:23 UTC] PHP Notice:  is_embed è stato richiamato <strong>in maniera scorretta</strong>. I tag condizionali di una query non funzionano prima che la query sia stata eseguita. Prima dell'esecuzione restituiscono sempre il valore False. Leggi <a href="https://wordpress.org/support/article/debugging-in-wordpress/">Debugging in WordPress</a> per maggiori informazioni. (Questo messaggio è stato aggiunto nella versione 3.1.0.) in /home/seositi/customer/wp-includes/functions.php on line 5768
[21-Apr-2022 04:30:23 UTC] PHP Notice:  is_search è stato richiamato <strong>in maniera scorretta</strong>. I tag condizionali di una query non funzionano prima che la query sia stata eseguita. Prima dell'esecuzione restituiscono sempre il valore False. Leggi <a href="https://wordpress.org/support/article/debugging-in-wordpress/">Debugging in WordPress</a> per maggiori informazioni. (Questo messaggio è stato aggiunto nella versione 3.1.0.) in /home/seositi/customer/wp-includes/functions.php on line 5768
[21-Apr-2022 04:30:23 UTC] PHP Fatal error:  Uncaught Error: Interface 'seositi\InterfaceDAO' not found in /home/seositi/customer/wp-content/plugins/seositicustomer/assets/classes/DAO/UtenteGestionaleDAO.php:6
Stack trace:
#0 /home/seositi/customer/wp-content/plugins/seositicustomer/assets/classes/classes.php(17): require_once()
#1 /home/seositi/customer/wp-content/plugins/seositicustomer/seositicustomer.php(20): require_once('/home/seositi/c...')
#2 /home/seositi/customer/wp-settings.php(418): include_once('/home/seositi/c...')
#3 /home/seositi/customer/wp-config.php(97): require_once('/home/seositi/c...')
#4 /home/seositi/customer/wp-load.php(50): require_once('/home/seositi/c...')
#5 /home/seositi/customer/wp-blog-header.php(13): require_once('/home/seositi/c...')
#6 /home/seositi/customer/index.php(17): require('/home/seositi/c...')
#7 {main}
  thrown in /home/seositi/customer/wp-content/plugins/seositicustomer/assets/classes/DAO/UtenteGestionaleDAO.php on line 6
[21-Apr-2022 04:30:23 UTC] PHP Notice:  is_embed è stato richiamato <strong>in maniera scorretta</strong>. I tag condizionali di una query non funzionano prima che la query sia stata eseguita. Prima dell'esecuzione restituiscono sempre il valore False. Leggi <a href="https://wordpress.org/support/article/debugging-in-wordpress/">Debugging in WordPress</a> per maggiori informazioni. (Questo messaggio è stato aggiunto nella versione 3.1.0.) in /home/seositi/customer/wp-includes/functions.php on line 5768
[21-Apr-2022 04:30:23 UTC] PHP Notice:  is_search è stato richiamato <strong>in maniera scorretta</strong>. I tag condizionali di una query non funzionano prima che la query sia stata eseguita. Prima dell'esecuzione restituiscono sempre il valore False. Leggi <a href="https://wordpress.org/support/article/debugging-in-wordpress/">Debugging in WordPress</a> per maggiori informazioni. (Questo messaggio è stato aggiunto nella versione 3.1.0.) in /home/seositi/customer/wp-includes/functions.php on line 5768
[21-Apr-2022 15:14:44 UTC] PHP Fatal error:  Uncaught Error: Interface 'seositi\InterfaceDAO' not found in /home/seositi/customer/wp-content/plugins/seositicustomer/assets/classes/DAO/UtenteGestionaleDAO.php:6
Stack trace:
#0 /home/seositi/customer/wp-content/plugins/seositicustomer/assets/classes/classes.php(17): require_once()
#1 /home/seositi/customer/wp-content/plugins/seositicustomer/seositicustomer.php(20): require_once('/home/seositi/c...')
#2 /home/seositi/customer/wp-settings.php(418): include_once('/home/seositi/c...')
#3 /home/seositi/customer/wp-config.php(97): require_once('/home/seositi/c...')
#4 /home/seositi/customer/wp-load.php(50): require_once('/home/seositi/c...')
#5 /home/seositi/customer/wp-blog-header.php(13): require_once('/home/seositi/c...')
#6 /home/seositi/customer/index.php(17): require('/home/seositi/c...')
#7 {main}
  thrown in /home/seositi/customer/wp-content/plugins/seositicustomer/assets/classes/DAO/UtenteGestionaleDAO.php on line 6
[21-Apr-2022 15:14:44 UTC] PHP Notice:  is_embed è stato richiamato <strong>in maniera scorretta</strong>. I tag condizionali di una query non funzionano prima che la query sia stata eseguita. Prima dell'esecuzione restituiscono sempre il valore False. Leggi <a href="https://wordpress.org/support/article/debugging-in-wordpress/">Debugging in WordPress</a> per maggiori informazioni. (Questo messaggio è stato aggiunto nella versione 3.1.0.) in /home/seositi/customer/wp-includes/functions.php on line 5768
[21-Apr-2022 15:14:44 UTC] PHP Notice:  is_search è stato richiamato <strong>in maniera scorretta</strong>. I tag condizionali di una query non funzionano prima che la query sia stata eseguita. Prima dell'esecuzione restituiscono sempre il valore False. Leggi <a href="https://wordpress.org/support/article/debugging-in-wordpress/">Debugging in WordPress</a> per maggiori informazioni. (Questo messaggio è stato aggiunto nella versione 3.1.0.) in /home/seositi/customer/wp-includes/functions.php on line 5768
